Running in Lattice mode


Starting:    C:\lscc\iCEcube2.2020.12\synpbase\bin64\mbin\synbatch.exe
Install:     C:\lscc\iCEcube2.2020.12\synpbase
Hostname:    DESKTOP-589IN7A
Date:        Sat Jan 15 06:07:16 2022
Version:     L-2016.09L+ice40

Arguments:   -product synplify_pro -batch seven_seg_counter_syn.prj
ProductType: synplify_pro





log file: "F:\MEL5250\VHDL\Ice40\4_digit_seven_seg_counter\seven_seg_counter\seven_seg_counter_Implmnt\seven_seg_counter.srr"
Running: seven_seg_counter_Implmnt in foreground

Running seven_seg_counter_syn|seven_seg_counter_Implmnt

Running: compile (Compile) on seven_seg_counter_syn|seven_seg_counter_Implmnt
# Sat Jan 15 06:07:16 2022

Running: compile_flow (Compile Process) on seven_seg_counter_syn|seven_seg_counter_Implmnt
# Sat Jan 15 06:07:16 2022

Running: compiler (Compile Input) on seven_seg_counter_syn|seven_seg_counter_Implmnt
# Sat Jan 15 06:07:16 2022
Copied F:\MEL5250\VHDL\Ice40\4_digit_seven_seg_counter\seven_seg_counter\seven_seg_counter_Implmnt\synwork\seven_seg_counter_comp.srs to F:\MEL5250\VHDL\Ice40\4_digit_seven_seg_counter\seven_seg_counter\seven_seg_counter_Implmnt\seven_seg_counter.srs

compiler completed
# Sat Jan 15 06:07:19 2022

Return Code: 0
Run Time:00h:00m:03s

Running: multi_srs_gen (Multi-srs Generator) on seven_seg_counter_syn|seven_seg_counter_Implmnt
# Sat Jan 15 06:07:19 2022

multi_srs_gen completed
# Sat Jan 15 06:07:20 2022

Return Code: 0
Run Time:00h:00m:01s
Copied F:\MEL5250\VHDL\Ice40\4_digit_seven_seg_counter\seven_seg_counter\seven_seg_counter_Implmnt\synwork\seven_seg_counter_mult.srs to F:\MEL5250\VHDL\Ice40\4_digit_seven_seg_counter\seven_seg_counter\seven_seg_counter_Implmnt\seven_seg_counter.srs
Complete: Compile Process on seven_seg_counter_syn|seven_seg_counter_Implmnt

Running: premap (Pre-mapping) on seven_seg_counter_syn|seven_seg_counter_Implmnt
# Sat Jan 15 06:07:20 2022

premap completed with warnings
# Sat Jan 15 06:07:23 2022

Return Code: 1
Run Time:00h:00m:03s
Complete: Compile on seven_seg_counter_syn|seven_seg_counter_Implmnt

Running: map (Map) on seven_seg_counter_syn|seven_seg_counter_Implmnt
# Sat Jan 15 06:07:23 2022
License granted for 4 parallel jobs

Running: fpga_mapper (Map & Optimize) on seven_seg_counter_syn|seven_seg_counter_Implmnt
# Sat Jan 15 06:07:23 2022
Copied F:\MEL5250\VHDL\Ice40\4_digit_seven_seg_counter\seven_seg_counter\seven_seg_counter_Implmnt\synwork\seven_seg_counter_m.srm to F:\MEL5250\VHDL\Ice40\4_digit_seven_seg_counter\seven_seg_counter\seven_seg_counter_Implmnt\seven_seg_counter.srm

fpga_mapper completed with warnings
# Sat Jan 15 06:07:29 2022

Return Code: 1
Run Time:00h:00m:06s
Complete: Map on seven_seg_counter_syn|seven_seg_counter_Implmnt
Complete: Logic Synthesis on seven_seg_counter_syn|seven_seg_counter_Implmnt

exit status=0

exit status=0

